2019-10-15 16:56:41,247 [main] INFO  (DfAbsractDataWriter#handleLoggingInsert():1083) - CHARA_IMAGE:{333, WEREWOLF, https://wolfort.net/wmansion/5/23-b.png}
2019-10-15 16:56:41,247 [main] INFO  (DfAbsractDataWriter#handleLoggingInsert():1083) - CHARA_IMAGE:{334, WEREWOLF, https://wolfort.net/wmansion/5/24-b.png}
2019-10-15 16:56:41,248 [main] INFO  (DfAbsractDataWriter#handleLoggingInsert():1083) - CHARA_IMAGE:{335, WEREWOLF, https://wolfort.net/wmansion/5/25-b.png}
2019-10-15 16:56:41,248 [main] INFO  (DfAbsractDataWriter#handleLoggingInsert():1083) - CHARA_IMAGE:{336, WEREWOLF, https://wolfort.net/wmansion/5/26-b.png}
2019-10-15 16:56:41,248 [main] INFO  (DfAbsractDataWriter#handleLoggingInsert():1083) - CHARA_IMAGE:{337, WEREWOLF, https://wolfort.net/wmansion/5/27-b.png}
2019-10-15 16:56:41,249 [main] INFO  (DfAbsractDataWriter#handleLoggingInsert():1083) - CHARA_IMAGE:{338, WEREWOLF, https://wolfort.net/wmansion/5/28-b.png}
2019-10-15 16:56:41,249 [main] INFO  (DfAbsractDataWriter#handleLoggingInsert():1083) - CHARA_IMAGE:{339, WEREWOLF, https://wolfort.net/wmansion/5/29-b.png}
2019-10-15 16:56:41,249 [main] INFO  (DfAbsractDataWriter#handleLoggingInsert():1083) - CHARA_IMAGE:{340, WEREWOLF, https://wolfort.net/wmansion/5/30-b.png}
2019-10-15 16:56:41,250 [main] INFO  (DfAbsractDataWriter#handleLoggingInsert():1083) - CHARA_IMAGE:{341, WEREWOLF, https://wolfort.net/wmansion/5/31-b.png}
2019-10-15 16:56:41,251 [main] INFO  (DfAbsractDataWriter#handleLoggingInsert():1083) - CHARA_IMAGE:{342, WEREWOLF, https://wolfort.net/wmansion/5/32-b.png}
2019-10-15 16:56:41,252 [main] INFO  (DfAbsractDataWriter#handleLoggingInsert():1083) - CHARA_IMAGE:{343, WEREWOLF, https://wolfort.net/wmansion/5/33-b.png}
2019-10-15 16:56:41,253 [main] INFO  (DfAbsractDataWriter#handleLoggingInsert():1083) - CHARA_IMAGE:{344, WEREWOLF, https://wolfort.net/wmansion/5/34-b.png}
2019-10-15 16:56:41,255 [main] INFO  (DfAbsractDataWriter#handleLoggingInsert():1083) - CHARA_IMAGE:{345, WEREWOLF, https://wolfort.net/wmansion/5/35-b.png}
2019-10-15 16:56:41,255 [main] INFO  (DfAbsractDataWriter#handleLoggingInsert():1083) - CHARA_IMAGE:{346, WEREWOLF, https://wolfort.net/wmansion/5/36-b.png}
2019-10-15 16:56:41,275 [main] INFO  (DfAbsractDataWriter#handleLoggingInsert():1083) - CHARA_IMAGE:{347, WEREWOLF, https://wolfort.net/wmansion/5/37-b.png}
2019-10-15 16:56:41,275 [main] INFO  (DfAbsractDataWriter#handleLoggingInsert():1083) - CHARA_IMAGE:{348, WEREWOLF, https://wolfort.net/wmansion/5/38-b.png}
2019-10-15 16:56:41,275 [main] INFO  (DfAbsractDataWriter#handleLoggingInsert():1083) - CHARA_IMAGE:{349, WEREWOLF, https://wolfort.net/wmansion/5/39-b.png}
2019-10-15 16:56:41,275 [main] INFO  (DfAbsractDataWriter#handleLoggingInsert():1083) - CHARA_IMAGE:{350, WEREWOLF, https://wolfort.net/wmansion/5/40-b.png}
2019-10-15 16:56:41,276 [main] INFO  (DfAbsractDataWriter#handleLoggingInsert():1083) - CHARA_IMAGE:{351, WEREWOLF, https://wolfort.net/wmansion/5/41-b.png}
2019-10-15 16:56:41,276 [main] INFO  (DfAbsractDataWriter#handleLoggingInsert():1083) - CHARA_IMAGE:{352, WEREWOLF, https://wolfort.net/wmansion/5/42-b.png}
2019-10-15 16:56:41,276 [main] INFO  (DfAbsractDataWriter#handleLoggingInsert():1083) - CHARA_IMAGE:{353, WEREWOLF, https://wolfort.net/wmansion/5/43-b.png}
2019-10-15 16:56:41,276 [main] INFO  (DfAbsractDataWriter#handleLoggingInsert():1083) - CHARA_IMAGE:{354, WEREWOLF, https://wolfort.net/wmansion/5/44-b.png}
2019-10-15 16:56:41,276 [main] INFO  (DfAbsractDataWriter#handleLoggingInsert():1083) - CHARA_IMAGE:{355, WEREWOLF, https://wolfort.net/wmansion/5/45-b.png}
2019-10-15 16:56:41,276 [main] INFO  (DfAbsractDataWriter#handleLoggingInsert():1083) - CHARA_IMAGE:{356, WEREWOLF, https://wolfort.net/wmansion/5/46-b.png}
2019-10-15 16:56:41,277 [main] INFO  (DfAbsractDataWriter#handleLoggingInsert():1083) - CHARA_IMAGE:{357, WEREWOLF, https://wolfort.net/wmansion/5/47-b.png}
2019-10-15 16:56:41,277 [main] INFO  (DfAbsractDataWriter#handleLoggingInsert():1083) - CHARA_IMAGE:{358, WEREWOLF, https://wolfort.net/wmansion/5/48-b.png}
2019-10-15 16:56:41,277 [main] INFO  (DfAbsractDataWriter#handleLoggingInsert():1083) - CHARA_IMAGE:{359, WEREWOLF, https://wolfort.net/wmansion/5/49-b.png}
2019-10-15 16:56:41,277 [main] INFO  (DfAbsractDataWriter#handleLoggingInsert():1083) - CHARA_IMAGE:{360, WEREWOLF, https://wolfort.net/wmansion/5/50-b.png}
2019-10-15 16:56:41,277 [main] INFO  (DfAbsractDataWriter#handleLoggingInsert():1083) - CHARA_IMAGE:{361, WEREWOLF, https://wolfort.net/wmansion/5/51-b.png}
2019-10-15 16:56:41,277 [main] INFO  (DfAbsractDataWriter#handleLoggingInsert():1083) - CHARA_IMAGE:{362, WEREWOLF, https://wolfort.net/wmansion/5/52-b.png}
2019-10-15 16:56:41,277 [main] INFO  (DfAbsractDataWriter#handleLoggingInsert():1083) - CHARA_IMAGE:{363, WEREWOLF, https://wolfort.net/wmansion/5/53-b.png}
2019-10-15 16:56:41,277 [main] INFO  (DfAbsractDataWriter#handleLoggingInsert():1083) - CHARA_IMAGE:{364, WEREWOLF, https://wolfort.net/wmansion/5/54-b.png}
2019-10-15 16:56:41,278 [main] INFO  (DfAbsractDataWriter#handleLoggingInsert():1083) - CHARA_IMAGE:{365, WEREWOLF, https://wolfort.net/wmansion/5/55-b.png}
2019-10-15 16:56:41,278 [main] INFO  (DfAbsractDataWriter#handleLoggingInsert():1083) - CHARA_IMAGE:{366, WEREWOLF, https://wolfort.net/wmansion/5/56-b.png}
2019-10-15 16:56:41,278 [main] INFO  (DfAbsractDataWriter#handleLoggingInsert():1083) - CHARA_IMAGE:{367, WEREWOLF, https://wolfort.net/wmansion/5/57-b.png}
2019-10-15 16:56:41,278 [main] INFO  (DfAbsractDataWriter#handleLoggingInsert():1083) - CHARA_IMAGE:{368, WEREWOLF, https://wolfort.net/wmansion/5/58-b.png}
2019-10-15 16:56:41,278 [main] INFO  (DfAbsractDataWriter#handleLoggingInsert():1083) - CHARA_IMAGE:{369, WEREWOLF, https://wolfort.net/wmansion/5/59-b.png}
2019-10-15 16:56:41,278 [main] INFO  (DfAbsractDataWriter#handleLoggingInsert():1083) - CHARA_IMAGE:{370, WEREWOLF, https://wolfort.net/wmansion/5/60-b.png}
2019-10-15 16:56:41,279 [main] INFO  (DfAbsractDataWriter#handleLoggingInsert():1083) - CHARA_IMAGE:{371, WEREWOLF, https://wolfort.net/wmansion/5/61-b.png}
2019-10-15 16:56:41,279 [main] INFO  (DfAbsractDataWriter#handleLoggingInsert():1083) - CHARA_IMAGE:{372, WEREWOLF, https://wolfort.net/wmansion/5/62-b.png}
2019-10-15 16:56:41,279 [main] INFO  (DfAbsractDataWriter#handleLoggingInsert():1083) - CHARA_IMAGE:{373, WEREWOLF, https://wolfort.net/wmansion/5/63-b.png}
2019-10-15 16:56:41,279 [main] INFO  (DfAbsractDataWriter#handleLoggingInsert():1083) - CHARA_IMAGE:{374, WEREWOLF, https://wolfort.net/wmansion/5/64-b.png}
2019-10-15 16:56:41,279 [main] INFO  (DfAbsractDataWriter#handleLoggingInsert():1083) - CHARA_IMAGE:{375, WEREWOLF, https://wolfort.net/wmansion/5/65-b.png}
2019-10-15 16:56:41,279 [main] INFO  (DfAbsractDataWriter#handleLoggingInsert():1083) - CHARA_IMAGE:{376, WEREWOLF, https://wolfort.net/wmansion/5/66-b.png}
2019-10-15 16:56:41,280 [main] INFO  (DfAbsractDataWriter#handleLoggingInsert():1083) - CHARA_IMAGE:{377, WEREWOLF, https://wolfort.net/wmansion/5/67-b.png}
2019-10-15 16:56:41,280 [main] INFO  (DfAbsractDataWriter#handleLoggingInsert():1083) - CHARA_IMAGE:{378, WEREWOLF, https://wolfort.net/wmansion/5/68-b.png}
2019-10-15 16:56:41,280 [main] INFO  (DfAbsractDataWriter#handleLoggingInsert():1083) - CHARA_IMAGE:{379, WEREWOLF, https://wolfort.net/wmansion/5/69-b.png}
2019-10-15 16:56:41,280 [main] INFO  (DfAbsractDataWriter#handleLoggingInsert():1083) - CHARA_IMAGE:{380, WEREWOLF, https://wolfort.net/wmansion/5/70-b.png}
2019-10-15 16:56:41,280 [main] INFO  (DfAbsractDataWriter#handleLoggingInsert():1083) - CHARA_IMAGE:{381, WEREWOLF, https://wolfort.net/wmansion/5/71-b.png}
2019-10-15 16:56:41,280 [main] INFO  (DfAbsractDataWriter#handleLoggingInsert():1083) - CHARA_IMAGE:{382, WEREWOLF, https://wolfort.net/wmansion/5/72-b.png}
2019-10-15 16:56:41,280 [main] INFO  (DfAbsractDataWriter#handleLoggingInsert():1083) - CHARA_IMAGE:{383, WEREWOLF, https://wolfort.net/wmansion/5/73-b.png}
2019-10-15 16:56:41,281 [main] INFO  (DfAbsractDataWriter#handleLoggingInsert():1083) - CHARA_IMAGE:{384, WEREWOLF, https://wolfort.net/wmansion/5/74-b.png}
2019-10-15 16:56:41,281 [main] INFO  (DfAbsractDataWriter#handleLoggingInsert():1083) - CHARA_IMAGE:{385, WEREWOLF, https://wolfort.net/wmansion/5/75-b.png}
2019-10-15 16:56:41,281 [main] INFO  (DfAbsractDataWriter#handleLoggingInsert():1083) - CHARA_IMAGE:{386, WEREWOLF, https://wolfort.net/wmansion/5/76-b.png}
2019-10-15 16:56:41,281 [main] INFO  (DfAbsractDataWriter#handleLoggingInsert():1083) - CHARA_IMAGE:{387, WEREWOLF, https://wolfort.net/wmansion/5/77-b.png}
2019-10-15 16:56:41,282 [main] INFO  (DfAbsractDataWriter#handleLoggingInsert():1083) - CHARA_IMAGE:{388, WEREWOLF, https://wolfort.net/wmansion/5/78-b.png}
2019-10-15 16:56:41,283 [main] INFO  (DfAbsractDataWriter#handleLoggingInsert():1083) - CHARA_IMAGE:{389, WEREWOLF, https://wolfort.net/wmansion/5/79-b.png}
2019-10-15 16:56:41,284 [main] INFO  (DfAbsractDataWriter#handleLoggingInsert():1083) - CHARA_IMAGE:{390, WEREWOLF, https://wolfort.net/wmansion/5/80-b.png}
2019-10-15 16:56:41,284 [main] INFO  (DfAbsractDataWriter#handleLoggingInsert():1083) - CHARA_IMAGE:{391, WEREWOLF, https://wolfort.net/wmansion/5/81-b.png}
2019-10-15 16:56:41,285 [main] INFO  (DfAbsractDataWriter#handleLoggingInsert():1083) - CHARA_IMAGE:{392, WEREWOLF, https://wolfort.net/wmansion/5/82-b.png}
2019-10-15 16:56:41,286 [main] INFO  (DfAbsractDataWriter#handleLoggingInsert():1083) - CHARA_IMAGE:{393, WEREWOLF, https://wolfort.net/wmansion/5/83-b.png}
2019-10-15 16:56:41,286 [main] INFO  (DfAbsractDataWriter#handleLoggingInsert():1083) - CHARA_IMAGE:{394, WEREWOLF, https://wolfort.net/wmansion/5/84-b.png}
2019-10-15 16:56:41,287 [main] INFO  (DfAbsractDataWriter#handleLoggingInsert():1083) - CHARA_IMAGE:{395, WEREWOLF, https://wolfort.net/wmansion/5/85-b.png}
2019-10-15 16:56:41,287 [main] INFO  (DfAbsractDataWriter#handleLoggingInsert():1083) - CHARA_IMAGE:{396, WEREWOLF, https://wolfort.net/wmansion/5/86-b.png}
2019-10-15 16:56:41,287 [main] INFO  (DfAbsractDataWriter#handleLoggingInsert():1083) - CHARA_IMAGE:{397, WEREWOLF, https://wolfort.net/wmansion/5/87-b.png}
2019-10-15 16:56:41,287 [main] INFO  (DfAbsractDataWriter#handleLoggingInsert():1083) - CHARA_IMAGE:{311, GRAVE, https://wolfort.net/wmansion/5/1-c.png}
2019-10-15 16:56:41,288 [main] INFO  (DfAbsractDataWriter#handleLoggingInsert():1083) - CHARA_IMAGE:{312, GRAVE, https://wolfort.net/wmansion/5/2-c.png}
2019-10-15 16:56:41,288 [main] INFO  (DfAbsractDataWriter#handleLoggingInsert():1083) - CHARA_IMAGE:{313, GRAVE, https://wolfort.net/wmansion/5/3-c.png}
2019-10-15 16:56:41,288 [main] INFO  (DfAbsractDataWriter#handleLoggingInsert():1083) - CHARA_IMAGE:{314, GRAVE, https://wolfort.net/wmansion/5/4-c.png}
2019-10-15 16:56:41,288 [main] INFO  (DfAbsractDataWriter#handleLoggingInsert():1083) - CHARA_IMAGE:{315, GRAVE, https://wolfort.net/wmansion/5/5-c.png}
2019-10-15 16:56:41,288 [main] INFO  (DfAbsractDataWriter#handleLoggingInsert():1083) - CHARA_IMAGE:{316, GRAVE, https://wolfort.net/wmansion/5/6-c.png}
2019-10-15 16:56:41,288 [main] INFO  (DfAbsractDataWriter#handleLoggingInsert():1083) - CHARA_IMAGE:{317, GRAVE, https://wolfort.net/wmansion/5/7-c.png}
2019-10-15 16:56:41,289 [main] INFO  (DfAbsractDataWriter#handleLoggingInsert():1083) - CHARA_IMAGE:{318, GRAVE, https://wolfort.net/wmansion/5/8-c.png}
2019-10-15 16:56:41,289 [main] INFO  (DfAbsractDataWriter#handleLoggingInsert():1083) - CHARA_IMAGE:{319, GRAVE, https://wolfort.net/wmansion/5/9-c.png}
2019-10-15 16:56:41,289 [main] INFO  (DfAbsractDataWriter#handleLoggingInsert():1083) - CHARA_IMAGE:{320, GRAVE, https://wolfort.net/wmansion/5/10-c.png}
2019-10-15 16:56:41,289 [main] INFO  (DfAbsractDataWriter#handleLoggingInsert():1083) - CHARA_IMAGE:{321, GRAVE, https://wolfort.net/wmansion/5/11-c.png}
2019-10-15 16:56:41,289 [main] INFO  (DfAbsractDataWriter#handleLoggingInsert():1083) - CHARA_IMAGE:{322, GRAVE, https://wolfort.net/wmansion/5/12-c.png}
2019-10-15 16:56:41,289 [main] INFO  (DfAbsractDataWriter#handleLoggingInsert():1083) - CHARA_IMAGE:{323, GRAVE, https://wolfort.net/wmansion/5/13-c.png}
2019-10-15 16:56:41,289 [main] INFO  (DfAbsractDataWriter#handleLoggingInsert():1083) - CHARA_IMAGE:{324, GRAVE, https://wolfort.net/wmansion/5/14-c.png}
2019-10-15 16:56:41,289 [main] INFO  (DfAbsractDataWriter#handleLoggingInsert():1083) - CHARA_IMAGE:{325, GRAVE, https://wolfort.net/wmansion/5/15-c.png}
2019-10-15 16:56:41,290 [main] INFO  (DfAbsractDataWriter#handleLoggingInsert():1083) - CHARA_IMAGE:{326, GRAVE, https://wolfort.net/wmansion/5/16-c.png}
2019-10-15 16:56:41,290 [main] INFO  (DfAbsractDataWriter#handleLoggingInsert():1083) - CHARA_IMAGE:{327, GRAVE, https://wolfort.net/wmansion/5/17-c.png}
2019-10-15 16:56:41,290 [main] INFO  (DfAbsractDataWriter#handleLoggingInsert():1083) - CHARA_IMAGE:{328, GRAVE, https://wolfort.net/wmansion/5/18-c.png}
2019-10-15 16:56:41,290 [main] INFO  (DfAbsractDataWriter#handleLoggingInsert():1083) - CHARA_IMAGE:{329, GRAVE, https://wolfort.net/wmansion/5/19-c.png}
2019-10-15 16:56:41,290 [main] INFO  (DfAbsractDataWriter#handleLoggingInsert():1083) - CHARA_IMAGE:{330, GRAVE, https://wolfort.net/wmansion/5/20-c.png}
2019-10-15 16:56:41,290 [main] INFO  (DfAbsractDataWriter#handleLoggingInsert():1083) - CHARA_IMAGE:{331, GRAVE, https://wolfort.net/wmansion/5/21-c.png}
2019-10-15 16:56:41,290 [main] INFO  (DfAbsractDataWriter#handleLoggingInsert():1083) - CHARA_IMAGE:{332, GRAVE, https://wolfort.net/wmansion/5/22-c.png}
2019-10-15 16:56:41,291 [main] INFO  (DfAbsractDataWriter#handleLoggingInsert():1083) - CHARA_IMAGE:{333, GRAVE, https://wolfort.net/wmansion/5/23-c.png}
2019-10-15 16:56:41,291 [main] INFO  (DfAbsractDataWriter#handleLoggingInsert():1083) - CHARA_IMAGE:{334, GRAVE, https://wolfort.net/wmansion/5/24-c.png}
2019-10-15 16:56:41,291 [main] INFO  (DfAbsractDataWriter#handleLoggingInsert():1083) - CHARA_IMAGE:{335, GRAVE, https://wolfort.net/wmansion/5/25-c.png}
2019-10-15 16:56:41,291 [main] INFO  (DfAbsractDataWriter#handleLoggingInsert():1083) - CHARA_IMAGE:{336, GRAVE, https://wolfort.net/wmansion/5/26-c.png}
2019-10-15 16:56:41,291 [main] INFO  (DfAbsractDataWriter#handleLoggingInsert():1083) - CHARA_IMAGE:{337, GRAVE, https://wolfort.net/wmansion/5/27-c.png}
2019-10-15 16:56:41,291 [main] INFO  (DfAbsractDataWriter#handleLoggingInsert():1083) - CHARA_IMAGE:{338, GRAVE, https://wolfort.net/wmansion/5/28-c.png}
2019-10-15 16:56:41,291 [main] INFO  (DfAbsractDataWriter#handleLoggingInsert():1083) - CHARA_IMAGE:{339, GRAVE, https://wolfort.net/wmansion/5/29-c.png}
2019-10-15 16:56:41,291 [main] INFO  (DfAbsractDataWriter#handleLoggingInsert():1083) - CHARA_IMAGE:{340, GRAVE, https://wolfort.net/wmansion/5/30-c.png}
2019-10-15 16:56:41,292 [main] INFO  (DfAbsractDataWriter#handleLoggingInsert():1083) - CHARA_IMAGE:{341, GRAVE, https://wolfort.net/wmansion/5/31-c.png}
2019-10-15 16:56:41,292 [main] INFO  (DfAbsractDataWriter#handleLoggingInsert():1083) - CHARA_IMAGE:{342, GRAVE, https://wolfort.net/wmansion/5/32-c.png}
2019-10-15 16:56:41,292 [main] INFO  (DfAbsractDataWriter#handleLoggingInsert():1083) - CHARA_IMAGE:{343, GRAVE, https://wolfort.net/wmansion/5/33-c.png}
2019-10-15 16:56:41,292 [main] INFO  (DfAbsractDataWriter#handleLoggingInsert():1083) - CHARA_IMAGE:{344, GRAVE, https://wolfort.net/wmansion/5/34-c.png}
2019-10-15 16:56:41,292 [main] INFO  (DfAbsractDataWriter#handleLoggingInsert():1083) - CHARA_IMAGE:{345, GRAVE, https://wolfort.net/wmansion/5/35-c.png}
2019-10-15 16:56:41,292 [main] INFO  (DfAbsractDataWriter#handleLoggingInsert():1083) - CHARA_IMAGE:{346, GRAVE, https://wolfort.net/wmansion/5/36-c.png}
2019-10-15 16:56:41,292 [main] INFO  (DfAbsractDataWriter#handleLoggingInsert():1083) - CHARA_IMAGE:{347, GRAVE, https://wolfort.net/wmansion/5/37-c.png}
2019-10-15 16:56:41,292 [main] INFO  (DfAbsractDataWriter#handleLoggingInsert():1083) - CHARA_IMAGE:{348, GRAVE, https://wolfort.net/wmansion/5/38-c.png}
2019-10-15 16:56:41,293 [main] INFO  (DfAbsractDataWriter#handleLoggingInsert():1083) - CHARA_IMAGE:{349, GRAVE, https://wolfort.net/wmansion/5/39-c.png}
2019-10-15 16:56:41,293 [main] INFO  (DfAbsractDataWriter#handleLoggingInsert():1083) - CHARA_IMAGE:{350, GRAVE, https://wolfort.net/wmansion/5/40-c.png}
2019-10-15 16:56:41,293 [main] INFO  (DfAbsractDataWriter#handleLoggingInsert():1083) - CHARA_IMAGE:{351, GRAVE, https://wolfort.net/wmansion/5/41-c.png}
2019-10-15 16:56:41,293 [main] INFO  (DfAbsractDataWriter#handleLoggingInsert():1083) - CHARA_IMAGE:{352, GRAVE, https://wolfort.net/wmansion/5/42-c.png}
2019-10-15 16:56:41,293 [main] INFO  (DfAbsractDataWriter#handleLoggingInsert():1083) - CHARA_IMAGE:{353, GRAVE, https://wolfort.net/wmansion/5/43-c.png}
2019-10-15 16:56:41,293 [main] INFO  (DfAbsractDataWriter#handleLoggingInsert():1083) - CHARA_IMAGE:{354, GRAVE, https://wolfort.net/wmansion/5/44-c.png}
2019-10-15 16:56:41,293 [main] INFO  (DfAbsractDataWriter#handleLoggingInsert():1083) - CHARA_IMAGE:{355, GRAVE, https://wolfort.net/wmansion/5/45-c.png}
2019-10-15 16:56:41,293 [main] INFO  (DfAbsractDataWriter#handleLoggingInsert():1083) - CHARA_IMAGE:{356, GRAVE, https://wolfort.net/wmansion/5/46-c.png}
2019-10-15 16:56:41,294 [main] INFO  (DfAbsractDataWriter#handleLoggingInsert():1083) - CHARA_IMAGE:{357, GRAVE, https://wolfort.net/wmansion/5/47-c.png}
2019-10-15 16:56:41,294 [main] INFO  (DfAbsractDataWriter#handleLoggingInsert():1083) - CHARA_IMAGE:{358, GRAVE, https://wolfort.net/wmansion/5/48-c.png}
2019-10-15 16:56:41,294 [main] INFO  (DfAbsractDataWriter#handleLoggingInsert():1083) - CHARA_IMAGE:{359, GRAVE, https://wolfort.net/wmansion/5/49-c.png}
2019-10-15 16:56:41,294 [main] INFO  (DfAbsractDataWriter#handleLoggingInsert():1083) - CHARA_IMAGE:{360, GRAVE, https://wolfort.net/wmansion/5/50-c.png}
2019-10-15 16:56:41,294 [main] INFO  (DfAbsractDataWriter#handleLoggingInsert():1083) - CHARA_IMAGE:{361, GRAVE, https://wolfort.net/wmansion/5/51-c.png}
2019-10-15 16:56:41,294 [main] INFO  (DfAbsractDataWriter#handleLoggingInsert():1083) - CHARA_IMAGE:{362, GRAVE, https://wolfort.net/wmansion/5/52-c.png}
2019-10-15 16:56:41,294 [main] INFO  (DfAbsractDataWriter#handleLoggingInsert():1083) - CHARA_IMAGE:{363, GRAVE, https://wolfort.net/wmansion/5/53-c.png}
2019-10-15 16:56:41,294 [main] INFO  (DfAbsractDataWriter#handleLoggingInsert():1083) - CHARA_IMAGE:{364, GRAVE, https://wolfort.net/wmansion/5/54-c.png}
2019-10-15 16:56:41,294 [main] INFO  (DfAbsractDataWriter#handleLoggingInsert():1083) - CHARA_IMAGE:{365, GRAVE, https://wolfort.net/wmansion/5/55-c.png}
2019-10-15 16:56:41,295 [main] INFO  (DfAbsractDataWriter#handleLoggingInsert():1083) - CHARA_IMAGE:{366, GRAVE, https://wolfort.net/wmansion/5/56-c.png}
2019-10-15 16:56:41,295 [main] INFO  (DfAbsractDataWriter#handleLoggingInsert():1083) - CHARA_IMAGE:{367, GRAVE, https://wolfort.net/wmansion/5/57-c.png}
2019-10-15 16:56:41,295 [main] INFO  (DfAbsractDataWriter#handleLoggingInsert():1083) - CHARA_IMAGE:{368, GRAVE, https://wolfort.net/wmansion/5/58-c.png}
2019-10-15 16:56:41,295 [main] INFO  (DfAbsractDataWriter#handleLoggingInsert():1083) - CHARA_IMAGE:{369, GRAVE, https://wolfort.net/wmansion/5/59-c.png}
2019-10-15 16:56:41,295 [main] INFO  (DfAbsractDataWriter#handleLoggingInsert():1083) - CHARA_IMAGE:{370, GRAVE, https://wolfort.net/wmansion/5/60-c.png}
2019-10-15 16:56:41,295 [main] INFO  (DfAbsractDataWriter#handleLoggingInsert():1083) - CHARA_IMAGE:{371, GRAVE, https://wolfort.net/wmansion/5/61-c.png}
2019-10-15 16:56:41,295 [main] INFO  (DfAbsractDataWriter#handleLoggingInsert():1083) - CHARA_IMAGE:{372, GRAVE, https://wolfort.net/wmansion/5/62-c.png}
2019-10-15 16:56:41,296 [main] INFO  (DfAbsractDataWriter#handleLoggingInsert():1083) - CHARA_IMAGE:{373, GRAVE, https://wolfort.net/wmansion/5/63-c.png}
2019-10-15 16:56:41,296 [main] INFO  (DfAbsractDataWriter#handleLoggingInsert():1083) - CHARA_IMAGE:{374, GRAVE, https://wolfort.net/wmansion/5/64-c.png}
2019-10-15 16:56:41,296 [main] INFO  (DfAbsractDataWriter#handleLoggingInsert():1083) - CHARA_IMAGE:{375, GRAVE, https://wolfort.net/wmansion/5/65-c.png}
2019-10-15 16:56:41,296 [main] INFO  (DfAbsractDataWriter#handleLoggingInsert():1083) - CHARA_IMAGE:{376, GRAVE, https://wolfort.net/wmansion/5/66-c.png}
2019-10-15 16:56:41,296 [main] INFO  (DfAbsractDataWriter#handleLoggingInsert():1083) - CHARA_IMAGE:{377, GRAVE, https://wolfort.net/wmansion/5/67-c.png}
2019-10-15 16:56:41,296 [main] INFO  (DfAbsractDataWriter#handleLoggingInsert():1083) - CHARA_IMAGE:{378, GRAVE, https://wolfort.net/wmansion/5/68-c.png}
2019-10-15 16:56:41,296 [main] INFO  (DfAbsractDataWriter#handleLoggingInsert():1083) - CHARA_IMAGE:{379, GRAVE, https://wolfort.net/wmansion/5/69-c.png}
2019-10-15 16:56:41,296 [main] INFO  (DfAbsractDataWriter#handleLoggingInsert():1083) - CHARA_IMAGE:{380, GRAVE, https://wolfort.net/wmansion/5/70-c.png}
2019-10-15 16:56:41,297 [main] INFO  (DfAbsractDataWriter#handleLoggingInsert():1083) - CHARA_IMAGE:{381, GRAVE, https://wolfort.net/wmansion/5/71-c.png}
2019-10-15 16:56:41,297 [main] INFO  (DfAbsractDataWriter#handleLoggingInsert():1083) - CHARA_IMAGE:{382, GRAVE, https://wolfort.net/wmansion/5/72-c.png}
2019-10-15 16:56:41,297 [main] INFO  (DfAbsractDataWriter#handleLoggingInsert():1083) - CHARA_IMAGE:{383, GRAVE, https://wolfort.net/wmansion/5/73-c.png}
2019-10-15 16:56:41,297 [main] INFO  (DfAbsractDataWriter#handleLoggingInsert():1083) - CHARA_IMAGE:{384, GRAVE, https://wolfort.net/wmansion/5/74-c.png}
2019-10-15 16:56:41,297 [main] INFO  (DfAbsractDataWriter#handleLoggingInsert():1083) - CHARA_IMAGE:{385, GRAVE, https://wolfort.net/wmansion/5/75-c.png}
2019-10-15 16:56:41,297 [main] INFO  (DfAbsractDataWriter#handleLoggingInsert():1083) - CHARA_IMAGE:{386, GRAVE, https://wolfort.net/wmansion/5/76-c.png}
2019-10-15 16:56:41,297 [main] INFO  (DfAbsractDataWriter#handleLoggingInsert():1083) - CHARA_IMAGE:{387, GRAVE, https://wolfort.net/wmansion/5/77-c.png}
2019-10-15 16:56:41,297 [main] INFO  (DfAbsractDataWriter#handleLoggingInsert():1083) - CHARA_IMAGE:{388, GRAVE, https://wolfort.net/wmansion/5/78-c.png}
2019-10-15 16:56:41,297 [main] INFO  (DfAbsractDataWriter#handleLoggingInsert():1083) - CHARA_IMAGE:{389, GRAVE, https://wolfort.net/wmansion/5/79-c.png}
2019-10-15 16:56:41,298 [main] INFO  (DfAbsractDataWriter#handleLoggingInsert():1083) - CHARA_IMAGE:{390, GRAVE, https://wolfort.net/wmansion/5/80-c.png}
2019-10-15 16:56:41,298 [main] INFO  (DfAbsractDataWriter#handleLoggingInsert():1083) - CHARA_IMAGE:{391, GRAVE, https://wolfort.net/wmansion/5/81-c.png}
2019-10-15 16:56:41,298 [main] INFO  (DfAbsractDataWriter#handleLoggingInsert():1083) - CHARA_IMAGE:{392, GRAVE, https://wolfort.net/wmansion/5/82-c.png}
2019-10-15 16:56:41,298 [main] INFO  (DfAbsractDataWriter#handleLoggingInsert():1083) - CHARA_IMAGE:{393, GRAVE, https://wolfort.net/wmansion/5/83-c.png}
2019-10-15 16:56:41,298 [main] INFO  (DfAbsractDataWriter#handleLoggingInsert():1083) - CHARA_IMAGE:{394, GRAVE, https://wolfort.net/wmansion/5/84-c.png}
2019-10-15 16:56:41,298 [main] INFO  (DfAbsractDataWriter#handleLoggingInsert():1083) - CHARA_IMAGE:{395, GRAVE, https://wolfort.net/wmansion/5/85-c.png}
2019-10-15 16:56:41,298 [main] INFO  (DfAbsractDataWriter#handleLoggingInsert():1083) - CHARA_IMAGE:{396, GRAVE, https://wolfort.net/wmansion/5/86-c.png}
2019-10-15 16:56:41,298 [main] INFO  (DfAbsractDataWriter#handleLoggingInsert():1083) - CHARA_IMAGE:{397, GRAVE, https://wolfort.net/wmansion/5/87-c.png}
2019-10-15 16:56:41,594 [main] INFO  (DfAbsractDataWriter#noticeLoadedRowSize():1099) -  -> 1220 rows are loaded to CHARA_IMAGE
2019-10-15 16:56:41,595 [main] INFO  (DfLoadDataProcess#lazyCheckLoadedClassifiaction():380) - ...Checking implicit set of classification
2019-10-15 16:56:41,604 [main] INFO  (DfDatabaseProperties#createMainSchemaConnection():981) - ...Creating connection to main schema: {wolf4busydb.$$NoNameSchema$$ as main}
2019-10-15 16:56:41,608 [main] INFO  (DfClassificationProperties#setupTableClassification():688) - ...Selecting for Authority classification
select AUTHORITY_CODE as cls_code, AUTHORITY_NAME as cls_name
     , AUTHORITY_NAME as cls_alias, null as cls_comment
  from AUTHORITY
2019-10-15 16:56:41,612 [main] INFO  (DfClassificationProperties#setupTableClassification():688) - ...Selecting for Camp classification
select CAMP_CODE as cls_code, CAMP_NAME as cls_name
     , CAMP_NAME as cls_alias, null as cls_comment
  from CAMP
2019-10-15 16:56:41,616 [main] INFO  (DfClassificationProperties#setupTableClassification():688) - ...Selecting for VillageStatus classification
select VILLAGE_STATUS_CODE as cls_code, VILLAGE_STATUS_NAME as cls_name
     , VILLAGE_STATUS_NAME as cls_alias, null as cls_comment
  from VILLAGE_STATUS
2019-10-15 16:56:41,620 [main] INFO  (DfClassificationProperties#setupTableClassification():688) - ...Selecting for Skill classification
select SKILL_CODE as cls_code, SKILL_NAME as cls_name
     , SKILL_NAME as cls_alias, null as cls_comment
  from SKILL
2019-10-15 16:56:41,623 [main] INFO  (DfClassificationProperties#setupTableClassification():688) - ...Selecting for MessageType classification
select MESSAGE_TYPE_CODE as cls_code, MESSAGE_TYPE_NAME as cls_name
     , MESSAGE_TYPE_NAME as cls_alias, null as cls_comment
  from MESSAGE_TYPE
2019-10-15 16:56:41,628 [main] INFO  (DfClassificationProperties#setupTableClassification():688) - ...Selecting for DeadReason classification
select DEAD_REASON_CODE as cls_code, DEAD_REASON_NAME as cls_name
     , DEAD_REASON_NAME as cls_alias, null as cls_comment
  from DEAD_REASON
2019-10-15 16:56:41,630 [main] INFO  (DfClassificationProperties#setupTableClassification():688) - ...Selecting for AbilityType classification
select ABILITY_TYPE_CODE as cls_code, ABILITY_TYPE_NAME as cls_name
     , ABILITY_TYPE_NAME as cls_alias, null as cls_comment
  from ABILITY_TYPE
2019-10-15 16:56:41,633 [main] INFO  (DfClassificationProperties#setupTableClassification():688) - ...Selecting for FaceType classification
select FACE_TYPE_CODE as cls_code, FACE_TYPE_NAME as cls_name
     , FACE_TYPE_NAME as cls_alias, null as cls_comment
  from FACE_TYPE
2019-10-15 16:56:41,638 [main] INFO  (DfClassificationProperties#setupTableClassification():688) - ...Selecting for VillageSettingItem classification
select VILLAGE_SETTING_ITEM_CODE as cls_code, VILLAGE_SETTING_ITEM_NAME as cls_name
     , VILLAGE_SETTING_ITEM_NAME as cls_alias, null as cls_comment
  from VILLAGE_SETTING_ITEM
2019-10-15 16:56:41,646 [main] INFO  (DfTakeFinallyProcess#takeFinally():229) - 
2019-10-15 16:56:41,646 [main] INFO  (DfTakeFinallyProcess#takeFinally():230) - * * * * * * * **
2019-10-15 16:56:41,647 [main] INFO  (DfTakeFinallyProcess#takeFinally():231) - *              *
2019-10-15 16:56:41,647 [main] INFO  (DfTakeFinallyProcess#takeFinally():232) - * Take Finally *
2019-10-15 16:56:41,647 [main] INFO  (DfTakeFinallyProcess#takeFinally():233) - *              *
2019-10-15 16:56:41,647 [main] INFO  (DfTakeFinallyProcess#takeFinally():234) - * * * * * * * **
2019-10-15 16:56:41,655 [main] INFO  (DfSqlFileFireMan#fire():64) - ...Firing: take-finally.sql
2019-10-15 16:56:41,658 [main] INFO  (DfSqlFileRunnerBase#traceResult():172) -  -> success=0 failure=0
2019-10-15 16:56:41,658 [main] INFO  (DfSqlFileFireMan#fire():89) - {Take Finally}: success=0 failure=0 (in 1 files)
2019-10-15 16:56:41,660 [main] INFO  (DfDataSourceHandler#destroy():120) - ...closeReally()
2019-10-15 16:56:41,666 [main] INFO  (DfDBFluteTaskUtil#logFinalMessage():139) - 
_/_/_/_/_/_/_/_/_/_/_/_/_/_/_/_/_/_/_/_/_/_/
[Final Message]: 00m05s563ms

  DBFLUTE_CLIENT: {wolf4busydb}
    database  = mysql (MySQL 5.6.40)
    language  = java
    container = spring
    package   = com.ort.dbflute

  DBFLUTE_ENVIRONMENT_TYPE: {}
    driver = com.mysql.jdbc.Driver
    url    = jdbc:mysql://localhost:3306/wolf4busydb?characterEncoding=UTF-8
    schema = {wolf4busydb.$$NoNameSchema$$ as main}
    user   = wolf4busyuser
    props  = {user=wolf4busyuser, password=wolf4busypass}
    additionalSchema = 
    repsEnvType      = ut
    refreshProject   = $$AutoDetect$$

 {Create Schema}: success=71 failure=0 (in 3 files)
  o replace-schema-00.sql
  o replace-schema-10-basic.sql
  o replace-schema-10-partition.sql

 {Load Data}: loaded-files=20
  (common)
  o 01-AUTHORITY.tsv
  o 02-CAMP.tsv
  o 03-VILLAGE_STATUS.tsv
  o (and other tsv files...)
  (ut)
  o 00-PLAYER.tsv
  o 01-VILLAGE.tsv
  o 02-VILLAGE_DAY.tsv
  o (and other tsv files...)

 {Take Finally}: success=0 failure=0 (in 1 files)
  o take-finally.sql
_/_/_/_/_/_/_/_/_/_/ {ReplaceSchema}
2019-10-15 16:56:42,611 [main] INFO  (TorqueJDBCTransformTask#begin():104) - +------------------------------------------+
2019-10-15 16:56:42,651 [main] INFO  (TorqueJDBCTransformTask#begin():105) - |                                          |
2019-10-15 16:56:42,653 [main] INFO  (TorqueJDBCTransformTask#begin():106) - |                   JDBC                   |
2019-10-15 16:56:42,654 [main] INFO  (TorqueJDBCTransformTask#begin():107) - |                                          |
2019-10-15 16:56:42,655 [main] INFO  (TorqueJDBCTransformTask#begin():108) - +------------------------------------------+
2019-10-15 16:56:42,746 [main] INFO  (DfDataSourceHandler#prepare():78) - ...Preparing data source:
2019-10-15 16:56:42,764 [main] INFO  (DfDataSourceHandler#prepare():79) -   driver = com.mysql.jdbc.Driver
2019-10-15 16:56:42,767 [main] INFO  (DfDataSourceHandler#prepare():80) -   url    = jdbc:mysql://localhost:3306/wolf4busydb?characterEncoding=UTF-8
2019-10-15 16:56:42,768 [main] INFO  (DfDataSourceHandler#prepare():81) -   user   = wolf4busyuser
2019-10-15 16:56:43,055 [main] INFO  (DfSchemaXmlSerializer#serialize():286) - 
2019-10-15 16:56:43,056 [main] INFO  (DfSchemaXmlSerializer#serialize():287) - ...Starting to process JDBC to SchemaXML
2019-10-15 16:56:43,056 [main] INFO  (DfSchemaXmlSerializer#doLoadPreviousSchema():1532) - ...Loading previous schema (schema diff process)
2019-10-15 16:56:43,092 [main] INFO  (DTDResolver#resolveEntity():195) - ...Resolving XML by database.dtd in same package
2019-10-15 16:56:43,320 [main] INFO  (DfSchemaXmlSerializer#generateXML():360) - ...Getting DB connection
2019-10-15 16:56:43,324 [main] INFO  (DfDataSourceHandler#createConnection():166) - ...Connecting to database by data source:
2019-10-15 16:56:43,750 [main] INFO  (DfDataSourceHandler#setupConnectionMetaInfo():233) -   product = MySQL 5.6.40
2019-10-15 16:56:43,754 [main] INFO  (DfDataSourceHandler#setupConnectionMetaInfo():234) -   driver  = MySQL Connector Java mysql-connector-java-5.1.40 ( Revision: 402933ef52cad9aa82624e80acbea46e3a701ce6 ) for JDBC 4.0
2019-10-15 16:56:43,759 [main] INFO  (DfSchemaXmlSerializer#generateXML():363) - ...Getting DB meta data
2019-10-15 16:56:43,793 [main] INFO  (DfTableExtractor#doGetTableList():66) - ...Getting tables:
2019-10-15 16:56:43,794 [main] INFO  (DfTableExtractor#doGetTableList():67) -   schema = {wolf4busydb.$$NoNameSchema$$ as main}
2019-10-15 16:56:43,795 [main] INFO  (DfTableExtractor#doGetTableList():68) -   types  = [TABLE, VIEW]
2019-10-15 16:56:43,817 [main] INFO  (DfDbCommentExtractorBase#doSelectUserTabComments():121) - select table_type as OBJECT_TYPE, table_name as TABLE_NAME, table_comment as COMMENTS from information_schema.tables where table_schema = 'wolf4busydb' order by table_name asc
2019-10-15 16:56:43,822 [main] INFO  (DfDbCommentExtractorBase#doSelectUserColComments():168) - select table_name as TABLE_NAME, column_name as COLUMN_NAME, column_comment as COMMENTS from information_schema.columns where table_schema = 'wolf4busydb' order by table_name asc, column_name asc
2019-10-15 16:56:43,842 [main] INFO  (DfDatetimePrecisionExtractorMySQL#extractDatetimePrecisionMap():59) - select TABLE_NAME, COLUMN_NAME, DATETIME_PRECISION from INFORMATION_SCHEMA.COLUMNS where TABLE_SCHEMA = 'wolf4busydb' and DATA_TYPE = 'datetime'
2019-10-15 16:56:43,865 [main] INFO  (DfSchemaXmlSerializer#processTable():420) - 
2019-10-15 16:56:43,865 [main] INFO  (DfSchemaXmlSerializer#processTable():421) - $ /= = = = = = = = = = = = = = = = = = = = = = = = = =
2019-10-15 16:56:43,865 [main] INFO  (DfSchemaXmlSerializer#processTable():422) - $ [Table List]
2019-10-15 16:56:43,866 [main] INFO  (DfSchemaXmlSerializer#doProcessTable():502) - $ wolf4busydb.ability(TABLE) // 能力行使
2019-10-15 16:56:43,903 [main] INFO  (DfSchemaXmlSerializer#doProcessTable():502) - $ wolf4busydb.ability_type(TABLE) // 能力種別
2019-10-15 16:56:43,928 [main] INFO  (DfSchemaXmlSerializer#doProcessTable():502) - $ wolf4busydb.authority(TABLE) // 権限
2019-10-15 16:56:43,950 [main] INFO  (DfSchemaXmlSerializer#doProcessTable():502) - $ wolf4busydb.camp(TABLE) // 陣営
2019-10-15 16:56:43,959 [main] INFO  (DfSchemaXmlSerializer#doProcessTable():502) - $ wolf4busydb.chara(TABLE) // キャラクター
2019-10-15 16:56:43,973 [main] INFO  (DfSchemaXmlSerializer#doProcessTable():502) - $ wolf4busydb.chara_group(TABLE) // キャラクターグループ
2019-10-15 16:56:43,980 [main] INFO  (DfSchemaXmlSerializer#doProcessTable():502) - $ wolf4busydb.chara_image(TABLE) // キャラクター画像
2019-10-15 16:56:43,988 [main] INFO  (DfSchemaXmlSerializer#doProcessTable():502) - $ wolf4busydb.commit(TABLE) // コミット
2019-10-15 16:56:44,001 [main] INFO  (DfSchemaXmlSerializer#doProcessTable():502) - $ wolf4busydb.dead_reason(TABLE) // 死亡理由
2019-10-15 16:56:44,007 [main] INFO  (DfSchemaXmlSerializer#doProcessTable():502) - $ wolf4busydb.designer(TABLE) // デザイナー
2019-10-15 16:56:44,015 [main] INFO  (DfSchemaXmlSerializer#doProcessTable():502) - $ wolf4busydb.face_type(TABLE) // 表情種別
2019-10-15 16:56:44,021 [main] INFO  (DfSchemaXmlSerializer#doProcessTable():502) - $ wolf4busydb.message(TABLE) // メッセージ
2019-10-15 16:56:44,041 [main] INFO  (DfSchemaXmlSerializer#doProcessTable():502) - $ wolf4busydb.message_restriction(TABLE) // 発言制限 : レコードなしの場合は無制限
2019-10-15 16:56:44,077 [main] INFO  (DfSchemaXmlSerializer#doProcessTable():502) - $ wolf4busydb.message_type(TABLE) // メッセージ種別
2019-10-15 16:56:44,084 [main] INFO  (DfSchemaXmlSerializer#doProcessTable():502) - $ wolf4busydb.player(TABLE) // プレイヤー
2019-10-15 16:56:44,093 [main] INFO  (DfSchemaXmlSerializer#doProcessTable():502) - $ wolf4busydb.random_content(TABLE) // ランダム変換内容
2019-10-15 16:56:44,101 [main] INFO  (DfSchemaXmlSerializer#doProcessTable():502) - $ wolf4busydb.random_keyword(TABLE) // ランダムキーワード
2019-10-15 16:56:44,114 [main] INFO  (DfSchemaXmlSerializer#doProcessTable():502) - $ wolf4busydb.skill(TABLE) // 役職
2019-10-15 16:56:44,120 [main] INFO  (DfSchemaXmlSerializer#doProcessTable():502) - $ wolf4busydb.village(TABLE) // 村
2019-10-15 16:56:44,128 [main] INFO  (DfSchemaXmlSerializer#doProcessTable():502) - $ wolf4busydb.village_day(TABLE) // 村日付
2019-10-15 16:56:44,138 [main] INFO  (DfSchemaXmlSerializer#doProcessTable():502) - $ wolf4busydb.village_player(TABLE) // 村参加者
2019-10-15 16:56:44,146 [main] INFO  (DfSchemaXmlSerializer#doProcessTable():502) - $ wolf4busydb.village_setting(TABLE) // 村設定
2019-10-15 16:56:44,153 [main] INFO  (DfSchemaXmlSerializer#doProcessTable():502) - $ wolf4busydb.village_setting_item(TABLE) // 村設定項目
2019-10-15 16:56:44,158 [main] INFO  (DfSchemaXmlSerializer#doProcessTable():502) - $ wolf4busydb.village_status(TABLE) // 村ステータス
2019-10-15 16:56:44,164 [main] INFO  (DfSchemaXmlSerializer#doProcessTable():502) - $ wolf4busydb.vote(TABLE) // 投票
2019-10-15 16:56:44,173 [main] INFO  (DfSchemaXmlSerializer#processTable():434) - $ 
2019-10-15 16:56:44,173 [main] INFO  (DfSchemaXmlSerializer#processTable():435) - $ [Table Count]
2019-10-15 16:56:44,174 [main] INFO  (DfSchemaXmlSerializer#processTable():436) - $ 25
2019-10-15 16:56:44,174 [main] INFO  (DfSchemaXmlSerializer#processTable():437) - $ = = = = = = = = = =/
2019-10-15 16:56:44,174 [main] INFO  (DfSchemaXmlSerializer#processTable():438) - 
2019-10-15 16:56:44,176 [main] INFO  (DfSchemaXmlSerializer#processSequence():805) - ...Getting sequences
2019-10-15 16:56:44,178 [main] INFO  (DfSchemaXmlSerializer#serialize():301) - ...Serializing XML:
2019-10-15 16:56:44,178 [main] INFO  (DfSchemaXmlSerializer#serialize():302) -   filePath = ./schema/project-schema-wolf4busydb.xml
2019-10-15 16:56:44,179 [main] INFO  (DfSchemaXmlSerializer#serialize():303) -   encoding = UTF-8
2019-10-15 16:56:44,205 [main] INFO  (DfSchemaXmlSerializer#doLoadNextSchema():1550) - ...Loading next schema (schema diff process)
2019-10-15 16:56:44,206 [main] INFO  (DTDResolver#resolveEntity():195) - ...Resolving XML by database.dtd in same package
2019-10-15 16:56:44,299 [main] INFO  (DfSchemaXmlSerializer#doLoadNextSchema():1565) -  -> same as previous (schema diff)
2019-10-15 16:56:44,299 [main] INFO  (DfDataSourceHandler#destroy():120) - ...closeReally()
2019-10-15 16:56:44,305 [main] INFO  (DfDBFluteTaskUtil#logFinalMessage():139) - 
_/_/_/_/_/_/_/_/_/_/_/_/_/_/_/_/_/_/_/_/_/_/
[Final Message]: 00m01s752ms

  DBFLUTE_CLIENT: {wolf4busydb}
    database  = mysql (MySQL 5.6.40)
    language  = java
    container = spring
    package   = com.ort.dbflute

  DBFLUTE_ENVIRONMENT_TYPE: {}
    driver = com.mysql.jdbc.Driver
    url    = jdbc:mysql://localhost:3306/wolf4busydb?characterEncoding=UTF-8
    schema = {wolf4busydb.$$NoNameSchema$$ as main}
    user   = wolf4busyuser
    props  = {}
    additionalSchema = 
    repsEnvType      = ut
    refreshProject   = $$AutoDetect$$
_/_/_/_/_/_/_/_/_/_/ {JDBC}
2019-10-15 16:56:45,527 [main] INFO  (TorqueDocumentationTask#begin():177) - +------------------------------------------+
2019-10-15 16:56:45,529 [main] INFO  (TorqueDocumentationTask#begin():178) - |                                          |
2019-10-15 16:56:45,529 [main] INFO  (TorqueDocumentationTask#begin():179) - |                   Doc                    |
2019-10-15 16:56:45,529 [main] INFO  (TorqueDocumentationTask#begin():187) - |                                          |
2019-10-15 16:56:45,530 [main] INFO  (TorqueDocumentationTask#begin():188) - +------------------------------------------+
2019-10-15 16:56:45,587 [main] INFO  (DfDataSourceHandler#prepare():78) - ...Preparing data source:
2019-10-15 16:56:45,588 [main] INFO  (DfDataSourceHandler#prepare():79) -   driver = com.mysql.jdbc.Driver
2019-10-15 16:56:45,589 [main] INFO  (DfDataSourceHandler#prepare():80) -   url    = jdbc:mysql://localhost:3306/wolf4busydb?characterEncoding=UTF-8
2019-10-15 16:56:45,591 [main] INFO  (DfDataSourceHandler#prepare():81) -   user   = wolf4busyuser
2019-10-15 16:56:45,592 [main] INFO  (TorqueDocumentationTask#processSchemaHtml():249) - 
2019-10-15 16:56:45,593 [main] INFO  (TorqueDocumentationTask#processSchemaHtml():250) - * * * * * * * * * * *
2019-10-15 16:56:45,593 [main] INFO  (TorqueDocumentationTask#processSchemaHtml():251) - *                   *
2019-10-15 16:56:45,594 [main] INFO  (TorqueDocumentationTask#processSchemaHtml():252) - *    Schema HTML    *
2019-10-15 16:56:45,595 [main] INFO  (TorqueDocumentationTask#processSchemaHtml():253) - *                   *
2019-10-15 16:56:45,595 [main] INFO  (TorqueDocumentationTask#processSchemaHtml():254) - * * * * * * * * * * *
2019-10-15 16:56:45,653 [main] INFO  (DTDResolver#resolveEntity():195) - ...Resolving XML by database.dtd in same package
2019-10-15 16:56:45,774 [main] INFO  (DfAbstractTexenTask#fireVelocityProcess():253) - generator.parse("doc/ControlDocument.vm", ctx);
2019-10-15 16:56:45,974 [main] INFO  (Database#doEnableDocumentOutputDirectory():1180) - ...Setting up documentOutputDirectory: ./output/doc
2019-10-15 16:56:46,050 [main] INFO  (DfAdditionalPrimaryKeyInitializer#initializeAdditionalPrimaryKey():62) - /=======================================
2019-10-15 16:56:46,050 [main] INFO  (DfAdditionalPrimaryKeyInitializer#initializeAdditionalPrimaryKey():63) - ...Initializing additional primary keys.
2019-10-15 16:56:46,052 [main] INFO  (DfAdditionalPrimaryKeyInitializer#initializeAdditionalPrimaryKey():88) - ==========/
2019-10-15 16:56:46,054 [main] INFO  (DfAdditionalUniqueKeyInitializer#initializeAdditionalUniqueKey():62) - /=======================================
2019-10-15 16:56:46,056 [main] INFO  (DfAdditionalUniqueKeyInitializer#initializeAdditionalUniqueKey():63) - ...Initializing additional unique keys.
2019-10-15 16:56:46,062 [main] INFO  (DfAdditionalUniqueKeyInitializer#initializeAdditionalUniqueKey():83) - ==========/
2019-10-15 16:56:46,069 [main] INFO  (DfAdditionalForeignKeyInitializer#initializeAdditionalForeignKey():68) - /=======================================
2019-10-15 16:56:46,070 [main] INFO  (DfAdditionalForeignKeyInitializer#initializeAdditionalForeignKey():69) - ...Initializing additional foreign keys.
2019-10-15 16:56:46,075 [main] INFO  (DfAdditionalForeignKeyInitializer#initializeAdditionalForeignKey():88) - ==========/
2019-10-15 16:56:46,083 [main] INFO  (DfDatabaseProperties#createMainSchemaConnection():981) - ...Creating connection to main schema: {wolf4busydb.$$NoNameSchema$$ as main}
2019-10-15 16:56:46,605 [main] INFO  (DfClassificationProperties#setupTableClassification():688) - ...Selecting for Authority classification
select AUTHORITY_CODE as cls_code, AUTHORITY_NAME as cls_name
     , AUTHORITY_NAME as cls_alias, null as cls_comment
  from AUTHORITY
2019-10-15 16:56:46,617 [main] INFO  (DfClassificationProperties#setupTableClassification():688) - ...Selecting for Camp classification
select CAMP_CODE as cls_code, CAMP_NAME as cls_name
     , CAMP_NAME as cls_alias, null as cls_comment
  from CAMP
2019-10-15 16:56:46,620 [main] INFO  (DfClassificationProperties#setupTableClassification():688) - ...Selecting for VillageStatus classification
select VILLAGE_STATUS_CODE as cls_code, VILLAGE_STATUS_NAME as cls_name
     , VILLAGE_STATUS_NAME as cls_alias, null as cls_comment
  from VILLAGE_STATUS
2019-10-15 16:56:46,622 [main] INFO  (DfClassificationProperties#setupTableClassification():688) - ...Selecting for Skill classification
select SKILL_CODE as cls_code, SKILL_NAME as cls_name
     , SKILL_NAME as cls_alias, null as cls_comment
  from SKILL
2019-10-15 16:56:46,625 [main] INFO  (DfClassificationProperties#setupTableClassification():688) - ...Selecting for MessageType classification
select MESSAGE_TYPE_CODE as cls_code, MESSAGE_TYPE_NAME as cls_name
     , MESSAGE_TYPE_NAME as cls_alias, null as cls_comment
  from MESSAGE_TYPE
2019-10-15 16:56:46,627 [main] INFO  (DfClassificationProperties#setupTableClassification():688) - ...Selecting for DeadReason classification
select DEAD_REASON_CODE as cls_code, DEAD_REASON_NAME as cls_name
     , DEAD_REASON_NAME as cls_alias, null as cls_comment
  from DEAD_REASON
2019-10-15 16:56:46,629 [main] INFO  (DfClassificationProperties#setupTableClassification():688) - ...Selecting for AbilityType classification
select ABILITY_TYPE_CODE as cls_code, ABILITY_TYPE_NAME as cls_name
     , ABILITY_TYPE_NAME as cls_alias, null as cls_comment
  from ABILITY_TYPE
2019-10-15 16:56:46,630 [main] INFO  (DfClassificationProperties#setupTableClassification():688) - ...Selecting for FaceType classification
select FACE_TYPE_CODE as cls_code, FACE_TYPE_NAME as cls_name
     , FACE_TYPE_NAME as cls_alias, null as cls_comment
  from FACE_TYPE
2019-10-15 16:56:46,632 [main] INFO  (DfClassificationProperties#setupTableClassification():688) - ...Selecting for VillageSettingItem classification
select VILLAGE_SETTING_ITEM_CODE as cls_code, VILLAGE_SETTING_ITEM_NAME as cls_name
     , VILLAGE_SETTING_ITEM_NAME as cls_alias, null as cls_comment
  from VILLAGE_SETTING_ITEM
2019-10-15 16:56:46,637 [main] INFO  (DfDocumentSelector#doLoadSchemaHistory():157) - ...Loading schema history
2019-10-15 16:56:46,675 [main] INFO  (DfDocumentSelector#doLoadSchemaHistory():161) -  -> found history: count=2
2019-10-15 16:56:47,154 [main] INFO  (DfRefreshResourceProcess#show():299) - /===========================================================================
2019-10-15 16:56:47,155 [main] INFO  (DfRefreshResourceProcess#show():299) - ...Refreshing [wolf4busy] by http://localhost:8386/
2019-10-15 16:56:47,168 [main] INFO  (DfRefreshResourceProcess#show():299) - ...Retrying refreshing by secondary URL http://localhost:8387/ for wolf4busy
2019-10-15 16:56:47,173 [main] INFO  (DfRefreshResourceProcess#show():299) - ...Retrying refreshing by tertiary URL http://localhost:8388/ for wolf4busy
2019-10-15 16:56:47,175 [main] INFO  (DfRefreshResourceProcess#show():299) - ...Retrying refreshing by quaternary URL http://localhost:8389/ for wolf4busy
2019-10-15 16:56:47,175 [main] INFO  (DfRefreshResourceProcess#show():299) - *Not found the projects in the Eclipse: wolf4busy
2019-10-15 16:56:47,175 [main] INFO  (DfRefreshResourceProcess#show():299) - ==========/
2019-10-15 16:56:47,178 [main] INFO  (DfDBFluteTaskUtil#logFinalMessage():139) - 
_/_/_/_/_/_/_/_/_/_/_/_/_/_/_/_/_/_/_/_/_/_/
[Final Message]: 00m01s675ms

  DBFLUTE_CLIENT: {wolf4busydb}
    database  = mysql
    language  = java
    container = spring
    package   = com.ort.dbflute

  DBFLUTE_ENVIRONMENT_TYPE: {}
    driver = com.mysql.jdbc.Driver
    url    = jdbc:mysql://localhost:3306/wolf4busydb?characterEncoding=UTF-8
    schema = {wolf4busydb.$$NoNameSchema$$ as main}
    user   = wolf4busyuser
    props  = {user=wolf4busyuser, password=wolf4busypass}
    additionalSchema = 
    repsEnvType      = ut
    refreshProject   = $$AutoDetect$$
_/_/_/_/_/_/_/_/_/_/ {Doc}
2019-10-15 16:56:50,778 [main] INFO  (TorqueDataModelTask#begin():110) - +------------------------------------------+
2019-10-15 16:56:50,780 [main] INFO  (TorqueDataModelTask#begin():111) - |                                          |
2019-10-15 16:56:50,780 [main] INFO  (TorqueDataModelTask#begin():112) - |                 Generate                 |
2019-10-15 16:56:50,780 [main] INFO  (TorqueDataModelTask#begin():113) - |                                          |
2019-10-15 16:56:50,781 [main] INFO  (TorqueDataModelTask#begin():114) - +------------------------------------------+
2019-10-15 16:56:50,800 [main] INFO  (DfDataSourceHandler#prepare():78) - ...Preparing data source:
2019-10-15 16:56:50,800 [main] INFO  (DfDataSourceHandler#prepare():79) -   driver = com.mysql.jdbc.Driver
2019-10-15 16:56:50,800 [main] INFO  (DfDataSourceHandler#prepare():80) -   url    = jdbc:mysql://localhost:3306/wolf4busydb?characterEncoding=UTF-8
2019-10-15 16:56:50,800 [main] INFO  (DfDataSourceHandler#prepare():81) -   user   = wolf4busyuser
2019-10-15 16:56:50,819 [main] INFO  (TorqueDataModelTask#setupControlTemplate():166) - 
2019-10-15 16:56:50,820 [main] INFO  (TorqueDataModelTask#setupControlTemplate():167) - ...Using Java control: om/ControlGenerateJava.vm
2019-10-15 16:56:50,850 [main] INFO  (DTDResolver#resolveEntity():195) - ...Resolving XML by database.dtd in same package
2019-10-15 16:56:50,931 [main] INFO  (DfAbstractTexenTask#fireVelocityProcess():253) - generator.parse("om/ControlGenerateJava.vm", ctx);
2019-10-15 16:56:51,156 [main] INFO  (Database#doEnableGenerateOutputDirectory():1148) - ...Setting up generateOutputDirectory: ../src/main/kotlin
2019-10-15 16:56:51,163 [main] INFO  (DfAdditionalPrimaryKeyInitializer#initializeAdditionalPrimaryKey():62) - /=======================================
2019-10-15 16:56:51,164 [main] INFO  (DfAdditionalPrimaryKeyInitializer#initializeAdditionalPrimaryKey():63) - ...Initializing additional primary keys.
2019-10-15 16:56:51,165 [main] INFO  (DfAdditionalPrimaryKeyInitializer#initializeAdditionalPrimaryKey():88) - ==========/
2019-10-15 16:56:51,165 [main] INFO  (DfAdditionalUniqueKeyInitializer#initializeAdditionalUniqueKey():62) - /=======================================
2019-10-15 16:56:51,166 [main] INFO  (DfAdditionalUniqueKeyInitializer#initializeAdditionalUniqueKey():63) - ...Initializing additional unique keys.
2019-10-15 16:56:51,166 [main] INFO  (DfAdditionalUniqueKeyInitializer#initializeAdditionalUniqueKey():83) - ==========/
2019-10-15 16:56:51,169 [main] INFO  (DfAdditionalForeignKeyInitializer#initializeAdditionalForeignKey():68) - /=======================================
2019-10-15 16:56:51,170 [main] INFO  (DfAdditionalForeignKeyInitializer#initializeAdditionalForeignKey():69) - ...Initializing additional foreign keys.
2019-10-15 16:56:51,171 [main] INFO  (DfAdditionalForeignKeyInitializer#initializeAdditionalForeignKey():88) - ==========/
2019-10-15 16:56:51,179 [main] INFO  (DfDatabaseProperties#createMainSchemaConnection():981) - ...Creating connection to main schema: {wolf4busydb.$$NoNameSchema$$ as main}
2019-10-15 16:56:51,419 [main] INFO  (DfClassificationProperties#setupTableClassification():688) - ...Selecting for Authority classification
select AUTHORITY_CODE as cls_code, AUTHORITY_NAME as cls_name
     , AUTHORITY_NAME as cls_alias, null as cls_comment
  from AUTHORITY
2019-10-15 16:56:51,422 [main] INFO  (DfClassificationProperties#setupTableClassification():688) - ...Selecting for Camp classification
select CAMP_CODE as cls_code, CAMP_NAME as cls_name
     , CAMP_NAME as cls_alias, null as cls_comment
  from CAMP
2019-10-15 16:56:51,424 [main] INFO  (DfClassificationProperties#setupTableClassification():688) - ...Selecting for VillageStatus classification
select VILLAGE_STATUS_CODE as cls_code, VILLAGE_STATUS_NAME as cls_name
     , VILLAGE_STATUS_NAME as cls_alias, null as cls_comment
  from VILLAGE_STATUS
2019-10-15 16:56:51,425 [main] INFO  (DfClassificationProperties#setupTableClassification():688) - ...Selecting for Skill classification
select SKILL_CODE as cls_code, SKILL_NAME as cls_name
     , SKILL_NAME as cls_alias, null as cls_comment
  from SKILL
2019-10-15 16:56:51,427 [main] INFO  (DfClassificationProperties#setupTableClassification():688) - ...Selecting for MessageType classification
select MESSAGE_TYPE_CODE as cls_code, MESSAGE_TYPE_NAME as cls_name
     , MESSAGE_TYPE_NAME as cls_alias, null as cls_comment
  from MESSAGE_TYPE
2019-10-15 16:56:51,428 [main] INFO  (DfClassificationProperties#setupTableClassification():688) - ...Selecting for DeadReason classification
select DEAD_REASON_CODE as cls_code, DEAD_REASON_NAME as cls_name
     , DEAD_REASON_NAME as cls_alias, null as cls_comment
  from DEAD_REASON
2019-10-15 16:56:51,430 [main] INFO  (DfClassificationProperties#setupTableClassification():688) - ...Selecting for AbilityType classification
select ABILITY_TYPE_CODE as cls_code, ABILITY_TYPE_NAME as cls_name
     , ABILITY_TYPE_NAME as cls_alias, null as cls_comment
  from ABILITY_TYPE
2019-10-15 16:56:51,431 [main] INFO  (DfClassificationProperties#setupTableClassification():688) - ...Selecting for FaceType classification
select FACE_TYPE_CODE as cls_code, FACE_TYPE_NAME as cls_name
     , FACE_TYPE_NAME as cls_alias, null as cls_comment
  from FACE_TYPE
2019-10-15 16:56:51,432 [main] INFO  (DfClassificationProperties#setupTableClassification():688) - ...Selecting for VillageSettingItem classification
select VILLAGE_SETTING_ITEM_CODE as cls_code, VILLAGE_SETTING_ITEM_NAME as cls_name
     , VILLAGE_SETTING_ITEM_NAME as cls_alias, null as cls_comment
  from VILLAGE_SETTING_ITEM
2019-10-15 16:56:51,442 [main] INFO  (DfIncludeQueryInitializer#initializeIncludeQuery():58) - /=============================
2019-10-15 16:56:51,443 [main] INFO  (DfIncludeQueryInitializer#initializeIncludeQuery():59) - ...Initializing include query.
2019-10-15 16:56:51,443 [main] INFO  (DfIncludeQueryInitializer#checkQueryMap():81) - String
2019-10-15 16:56:51,443 [main] INFO  (DfIncludeQueryInitializer#checkQueryMap():81) - Number
2019-10-15 16:56:51,443 [main] INFO  (DfIncludeQueryInitializer#checkQueryMap():81) - Date
2019-10-15 16:56:51,443 [main] INFO  (DfIncludeQueryInitializer#checkQueryMap():86) -   NotEqual -> []
2019-10-15 16:56:51,444 [main] INFO  (DfIncludeQueryInitializer#checkQueryMap():86) -   InScope -> []
2019-10-15 16:56:51,444 [main] INFO  (DfIncludeQueryInitializer#checkQueryMap():86) -   NotInScope -> []
2019-10-15 16:56:51,444 [main] INFO  (DfIncludeQueryInitializer#checkQueryMap():81) - OrderBy
2019-10-15 16:56:51,444 [main] INFO  (DfIncludeQueryInitializer#initializeIncludeQuery():61) - ========/
2019-10-15 16:56:51,454 [main] INFO  (Database#info():2737) - public void parseAllCommon() {
2019-10-15 16:56:51,455 [main] INFO  (Database#info():2737) -     parse('CDef');
2019-10-15 16:56:51,485 [main] INFO  (Database#info():2737) -     parse('DBCurrent');
2019-10-15 16:56:51,488 [main] INFO  (Database#info():2737) -     parse('DBFluteConfig');
2019-10-15 16:56:51,500 [main] INFO  (Database#info():2737) -     parse('DBFluteInitializer');
2019-10-15 16:56:51,504 [main] INFO  (Database#info():2737) -     parse('DBMetaInstanceHandler');
2019-10-15 16:56:51,523 [main] INFO  (Database#info():2737) -     parse('EntityDefinedCommonColumn');
2019-10-15 16:56:51,532 [main] INFO  (Database#info():2737) -     parse('ImplementedBehaviorSelector');
2019-10-15 16:56:51,539 [main] INFO  (Database#info():2737) -     parse('ImplementedCommonColumnAutoSetupper');
2019-10-15 16:56:51,545 [main] INFO  (Database#info():2737) -     parse('ImplementedInvokerAssistant');
2019-10-15 16:56:51,549 [main] INFO  (Database#info():2737) -     parse('ImplementedSqlClauseCreator');
2019-10-15 16:56:51,551 [main] INFO  (Database#info():2737) - }
2019-10-15 16:56:51,552 [main] INFO  (Database#info():2737) - public void parseContainerConfig() {
2019-10-15 16:56:51,552 [main] INFO  (Database#info():2737) -     parse('com/ort/dbflute/allcommon/DBFluteBeansJavaConfig.java')
2019-10-15 16:56:51,559 [main] INFO  (Database#info():2737) - }
2019-10-15 16:56:51,562 [main] INFO  (DfOldClassHandler#info():1045) - public void deleteOldTableClass() {
2019-10-15 16:56:51,615 [main] INFO  (DfOldClassHandler#info():1045) - }
2019-10-15 16:56:51,616 [main] INFO  (Database#info():2737) - public void parseTableClass() {
2019-10-15 16:56:51,616 [main] INFO  (Database#info():2737) -     parse('ability');
2019-10-15 16:56:51,813 [main] INFO  (Database#info():2737) -     parse('ability_type');
2019-10-15 16:56:51,912 [main] INFO  (Database#info():2737) -     parse('authority');
2019-10-15 16:56:51,999 [main] INFO  (Database#info():2737) -     parse('camp');
2019-10-15 16:56:52,087 [main] INFO  (Database#info():2737) -     parse('chara');
2019-10-15 16:56:52,258 [main] INFO  (Database#info():2737) -     parse('chara_group');
2019-10-15 16:56:52,346 [main] INFO  (Database#info():2737) -     parse('chara_image');
2019-10-15 16:56:52,426 [main] INFO  (Database#info():2737) -     parse('commit');
2019-10-15 16:56:52,508 [main] INFO  (Database#info():2737) -     parse('dead_reason');
2019-10-15 16:56:52,577 [main] INFO  (Database#info():2737) -     parse('designer');
2019-10-15 16:56:52,657 [main] INFO  (Database#info():2737) -     parse('face_type');
2019-10-15 16:56:52,727 [main] INFO  (Database#info():2737) -     parse('message');
2019-10-15 16:56:52,805 [main] INFO  (Database#info():2737) -     parse('message_restriction');
2019-10-15 16:56:52,908 [main] INFO  (Database#info():2737) -     parse('message_type');
2019-10-15 16:56:53,011 [main] INFO  (Database#info():2737) -     parse('player');
2019-10-15 16:56:53,130 [main] INFO  (Database#info():2737) -     parse('random_content');
2019-10-15 16:56:53,200 [main] INFO  (Database#info():2737) -     parse('random_keyword');
2019-10-15 16:56:53,255 [main] INFO  (Database#info():2737) -     parse('skill');
2019-10-15 16:56:53,334 [main] INFO  (Database#info():2737) -     parse('village');
2019-10-15 16:56:53,504 [main] INFO  (Database#info():2737) -     parse('village_day');
2019-10-15 16:56:53,671 [main] INFO  (Database#info():2737) -     parse('village_player');
2019-10-15 16:56:53,781 [main] INFO  (Database#info():2737) -     parse('village_setting');
2019-10-15 16:56:53,850 [main] INFO  (Database#info():2737) -     parse('village_setting_item');
2019-10-15 16:56:53,899 [main] INFO  (Database#info():2737) -     parse('village_status');
2019-10-15 16:56:53,947 [main] INFO  (Database#info():2737) -     parse('vote');
2019-10-15 16:56:54,003 [main] INFO  (Database#info():2737) - }
2019-10-15 16:56:54,003 [main] INFO  (Database#info():2737) -  
2019-10-15 16:56:54,019 [main] INFO  (DfRefreshResourceProcess#show():299) - /===========================================================================
2019-10-15 16:56:54,019 [main] INFO  (DfRefreshResourceProcess#show():299) - ...Refreshing [wolf4busy] by http://localhost:8386/
2019-10-15 16:56:54,021 [main] INFO  (DfRefreshResourceProcess#show():299) - ...Retrying refreshing by secondary URL http://localhost:8387/ for wolf4busy
2019-10-15 16:56:54,023 [main] INFO  (DfRefreshResourceProcess#show():299) - ...Retrying refreshing by tertiary URL http://localhost:8388/ for wolf4busy
2019-10-15 16:56:54,023 [main] INFO  (DfRefreshResourceProcess#show():299) - ...Retrying refreshing by quaternary URL http://localhost:8389/ for wolf4busy
2019-10-15 16:56:54,023 [main] INFO  (DfRefreshResourceProcess#show():299) - *Not found the projects in the Eclipse: wolf4busy
2019-10-15 16:56:54,024 [main] INFO  (DfRefreshResourceProcess#show():299) - ==========/
2019-10-15 16:56:54,026 [main] INFO  (DfDBFluteTaskUtil#logFinalMessage():139) - 
_/_/_/_/_/_/_/_/_/_/_/_/_/_/_/_/_/_/_/_/_/_/
[Final Message]: 00m03s286ms

  DBFLUTE_CLIENT: {wolf4busydb}
    database  = mysql
    language  = java
    container = spring
    package   = com.ort.dbflute

  DBFLUTE_ENVIRONMENT_TYPE: {}
    driver = com.mysql.jdbc.Driver
    url    = jdbc:mysql://localhost:3306/wolf4busydb?characterEncoding=UTF-8
    schema = {wolf4busydb.$$NoNameSchema$$ as main}
    user   = wolf4busyuser
    props  = {user=wolf4busyuser, password=wolf4busypass}
    additionalSchema = 
    repsEnvType      = ut
    refreshProject   = $$AutoDetect$$
_/_/_/_/_/_/_/_/_/_/ {Generate}
2019-10-15 16:56:54,449 [main] INFO  (DfOutsideSqlTestTask#begin():77) - +------------------------------------------+
2019-10-15 16:56:54,450 [main] INFO  (DfOutsideSqlTestTask#begin():78) - |                                          |
2019-10-15 16:56:54,450 [main] INFO  (DfOutsideSqlTestTask#begin():79) - |              OutsideSqlTest              |
2019-10-15 16:56:54,450 [main] INFO  (DfOutsideSqlTestTask#begin():80) - |                                          |
2019-10-15 16:56:54,450 [main] INFO  (DfOutsideSqlTestTask#begin():81) - +------------------------------------------+
2019-10-15 16:56:54,462 [main] INFO  (DfDataSourceHandler#prepare():78) - ...Preparing data source:
2019-10-15 16:56:54,462 [main] INFO  (DfDataSourceHandler#prepare():79) -   driver = com.mysql.jdbc.Driver
2019-10-15 16:56:54,462 [main] INFO  (DfDataSourceHandler#prepare():80) -   url    = jdbc:mysql://localhost:3306/wolf4busydb?characterEncoding=UTF-8
2019-10-15 16:56:54,462 [main] INFO  (DfDataSourceHandler#prepare():81) -   user   = wolf4busyuser
2019-10-15 16:56:54,485 [main] INFO  (DfSqlFileFireMan#fire():89) - {Fired SQL}: success=0 failure=0 (in 0 files)
2019-10-15 16:56:54,490 [main] INFO  (DfDBFluteTaskUtil#logFinalMessage():139) - 
_/_/_/_/_/_/_/_/_/_/_/_/_/_/_/_/_/_/_/_/_/_/
[Final Message]: 00m00s045ms

  DBFLUTE_CLIENT: {wolf4busydb}
    database  = mysql
    language  = java
    container = spring
    package   = com.ort.dbflute

  DBFLUTE_ENVIRONMENT_TYPE: {}
    driver = com.mysql.jdbc.Driver
    url    = jdbc:mysql://localhost:3306/wolf4busydb?characterEncoding=UTF-8
    schema = {wolf4busydb.$$NoNameSchema$$ as main}
    user   = wolf4busyuser
    props  = {}
    additionalSchema = 
    repsEnvType      = ut
    refreshProject   = $$AutoDetect$$

 {Checked SQL}
_/_/_/_/_/_/_/_/_/_/ {OutsideSqlTest}
2019-10-15 16:56:54,933 [main] INFO  (DfSql2EntityTask#begin():106) - +------------------------------------------+
2019-10-15 16:56:54,935 [main] INFO  (DfSql2EntityTask#begin():107) - |                                          |
2019-10-15 16:56:54,935 [main] INFO  (DfSql2EntityTask#begin():108) - |                Sql2Entity                |
2019-10-15 16:56:54,935 [main] INFO  (DfSql2EntityTask#begin():109) - |                                          |
2019-10-15 16:56:54,935 [main] INFO  (DfSql2EntityTask#begin():110) - +------------------------------------------+
2019-10-15 16:56:54,948 [main] INFO  (DfDataSourceHandler#prepare():78) - ...Preparing data source:
2019-10-15 16:56:54,948 [main] INFO  (DfDataSourceHandler#prepare():79) -   driver = com.mysql.jdbc.Driver
2019-10-15 16:56:54,948 [main] INFO  (DfDataSourceHandler#prepare():80) -   url    = jdbc:mysql://localhost:3306/wolf4busydb?characterEncoding=UTF-8
2019-10-15 16:56:54,948 [main] INFO  (DfDataSourceHandler#prepare():81) -   user   = wolf4busyuser
2019-10-15 16:56:54,956 [main] INFO  (DfSql2EntityTask#setupControlTemplate():177) - 
2019-10-15 16:56:54,956 [main] INFO  (DfSql2EntityTask#setupControlTemplate():178) - ...Using Java control: om/ControlSql2EntityJava.vm
2019-10-15 16:56:54,959 [main] INFO  (DTDResolver#resolveEntity():195) - ...Resolving XML by database.dtd in same package
2019-10-15 16:56:55,011 [main] INFO  (DfSqlFileFireMan#fire():89) - {Fired SQL}: success=0 failure=0 (in 0 files)
2019-10-15 16:56:55,037 [main] INFO  (DfSql2EntityTask#initControlContext():311) - 
2019-10-15 16:56:55,038 [main] INFO  (DfSql2EntityTask#initControlContext():312) - ...Preparing generation of customize-entities and parameter-beans
2019-10-15 16:56:55,038 [main] INFO  (DfSql2EntityTask#initControlContext():313) - * * * * * * * * * *
2019-10-15 16:56:55,038 [main] INFO  (DfSql2EntityTask#initControlContext():314) - * CustomizeEntity *
2019-10-15 16:56:55,038 [main] INFO  (DfSql2EntityTask#initControlContext():315) - * * * * * * * * * *
2019-10-15 16:56:55,038 [main] INFO  (DfSql2EntityTask#showParameterBean():932) - * * * * * * * * *
2019-10-15 16:56:55,038 [main] INFO  (DfSql2EntityTask#showParameterBean():933) - * ParameterBean *
2019-10-15 16:56:55,038 [main] INFO  (DfSql2EntityTask#showParameterBean():934) - * * * * * * * * *
2019-10-15 16:56:55,040 [main] INFO  (DfAbstractTexenTask#fireVelocityProcess():253) - generator.parse("om/ControlSql2EntityJava.vm", ctx);
2019-10-15 16:56:55,151 [main] INFO  (DfDatabaseProperties#createMainSchemaConnection():981) - ...Creating connection to main schema: {wolf4busydb.$$NoNameSchema$$ as main}
2019-10-15 16:56:55,317 [main] INFO  (DfClassificationProperties#setupTableClassification():688) - ...Selecting for Authority classification
select AUTHORITY_CODE as cls_code, AUTHORITY_NAME as cls_name
     , AUTHORITY_NAME as cls_alias, null as cls_comment
  from AUTHORITY
2019-10-15 16:56:55,320 [main] INFO  (DfClassificationProperties#setupTableClassification():688) - ...Selecting for Camp classification
select CAMP_CODE as cls_code, CAMP_NAME as cls_name
     , CAMP_NAME as cls_alias, null as cls_comment
  from CAMP
2019-10-15 16:56:55,321 [main] INFO  (DfClassificationProperties#setupTableClassification():688) - ...Selecting for VillageStatus classification
select VILLAGE_STATUS_CODE as cls_code, VILLAGE_STATUS_NAME as cls_name
     , VILLAGE_STATUS_NAME as cls_alias, null as cls_comment
  from VILLAGE_STATUS
2019-10-15 16:56:55,322 [main] INFO  (DfClassificationProperties#setupTableClassification():688) - ...Selecting for Skill classification
select SKILL_CODE as cls_code, SKILL_NAME as cls_name
     , SKILL_NAME as cls_alias, null as cls_comment
  from SKILL
2019-10-15 16:56:55,324 [main] INFO  (DfClassificationProperties#setupTableClassification():688) - ...Selecting for MessageType classification
select MESSAGE_TYPE_CODE as cls_code, MESSAGE_TYPE_NAME as cls_name
     , MESSAGE_TYPE_NAME as cls_alias, null as cls_comment
  from MESSAGE_TYPE
2019-10-15 16:56:55,325 [main] INFO  (DfClassificationProperties#setupTableClassification():688) - ...Selecting for DeadReason classification
select DEAD_REASON_CODE as cls_code, DEAD_REASON_NAME as cls_name
     , DEAD_REASON_NAME as cls_alias, null as cls_comment
  from DEAD_REASON
2019-10-15 16:56:55,326 [main] INFO  (DfClassificationProperties#setupTableClassification():688) - ...Selecting for AbilityType classification
select ABILITY_TYPE_CODE as cls_code, ABILITY_TYPE_NAME as cls_name
     , ABILITY_TYPE_NAME as cls_alias, null as cls_comment
  from ABILITY_TYPE
2019-10-15 16:56:55,328 [main] INFO  (DfClassificationProperties#setupTableClassification():688) - ...Selecting for FaceType classification
select FACE_TYPE_CODE as cls_code, FACE_TYPE_NAME as cls_name
     , FACE_TYPE_NAME as cls_alias, null as cls_comment
  from FACE_TYPE
2019-10-15 16:56:55,329 [main] INFO  (DfClassificationProperties#setupTableClassification():688) - ...Selecting for VillageSettingItem classification
select VILLAGE_SETTING_ITEM_CODE as cls_code, VILLAGE_SETTING_ITEM_NAME as cls_name
     , VILLAGE_SETTING_ITEM_NAME as cls_alias, null as cls_comment
  from VILLAGE_SETTING_ITEM
2019-10-15 16:56:55,337 [main] INFO  (Database#doEnableSql2EntityOutputDirectory():1164) - ...Setting up sql2EntityOutputDirectory: ../src/main/kotlin
2019-10-15 16:56:55,338 [main] INFO  (DfOldClassHandler#info():1045) - public void deleteOldCustomizeClass() {
2019-10-15 16:56:55,345 [main] INFO  (DfOldClassHandler#info():1045) - }
2019-10-15 16:56:55,345 [main] INFO  (Database#info():2737) - public void parseCustomizeEntity() {
2019-10-15 16:56:55,346 [main] INFO  (Database#info():2737) - }
2019-10-15 16:56:55,355 [main] INFO  (DfSql2EntityTask#showTargetSqlFileInformation():303) - 
/- - - - - - - - - - - - - - - - - - - - - - - -
Target SQL files: 0

- - - - - - - - - -/
2019-10-15 16:56:55,359 [main] INFO  (DfRefreshResourceProcess#show():299) - /===========================================================================
2019-10-15 16:56:55,359 [main] INFO  (DfRefreshResourceProcess#show():299) - ...Refreshing [wolf4busy] by http://localhost:8386/
2019-10-15 16:56:55,361 [main] INFO  (DfRefreshResourceProcess#show():299) - ...Retrying refreshing by secondary URL http://localhost:8387/ for wolf4busy
2019-10-15 16:56:55,362 [main] INFO  (DfRefreshResourceProcess#show():299) - ...Retrying refreshing by tertiary URL http://localhost:8388/ for wolf4busy
2019-10-15 16:56:55,363 [main] INFO  (DfRefreshResourceProcess#show():299) - ...Retrying refreshing by quaternary URL http://localhost:8389/ for wolf4busy
2019-10-15 16:56:55,363 [main] INFO  (DfRefreshResourceProcess#show():299) - *Not found the projects in the Eclipse: wolf4busy
2019-10-15 16:56:55,363 [main] INFO  (DfRefreshResourceProcess#show():299) - ==========/
2019-10-15 16:56:55,366 [main] INFO  (DfDBFluteTaskUtil#logFinalMessage():139) - 
_/_/_/_/_/_/_/_/_/_/_/_/_/_/_/_/_/_/_/_/_/_/
[Final Message]: 00m00s446ms

  DBFLUTE_CLIENT: {wolf4busydb}
    database  = mysql
    language  = java
    container = spring
    package   = com.ort.dbflute

  DBFLUTE_ENVIRONMENT_TYPE: {}
    driver = com.mysql.jdbc.Driver
    url    = jdbc:mysql://localhost:3306/wolf4busydb?characterEncoding=UTF-8
    schema = {wolf4busydb.$$NoNameSchema$$ as main}
    user   = wolf4busyuser
    props  = {user=wolf4busyuser, password=wolf4busypass}
    additionalSchema = 
    repsEnvType      = ut
    refreshProject   = $$AutoDetect$$
_/_/_/_/_/_/_/_/_/_/ {Sql2Entity}
